TN:
SF:lib/app/domain/email_address.dart
FNF:0
FNH:0
DA:4,6
DA:7,2
DA:8,8
DA:10,2
DA:12,2
LF:5
LH:5
end_of_record
TN:
SF:lib/app/domain/is_required.dart
FNF:0
FNH:0
DA:4,2
DA:6,1
DA:7,2
DA:9,1
DA:11,1
LF:5
LH:5
end_of_record
TN:
SF:lib/app/domain/password.dart
FNF:0
FNH:0
DA:4,6
DA:6,8
DA:7,8
DA:8,8
DA:9,8
DA:11,2
DA:13,4
DA:14,2
DA:15,2
DA:20,2
DA:22,2
LF:11
LH:11
end_of_record
TN:
SF:lib/app/domain/quote_user.dart
FNF:0
FNH:0
DA:10,2
LF:1
LH:1
end_of_record
TN:
SF:lib/app/domain/quote_user.g.dart
FNF:0
FNH:0
DA:9,2
DA:10,1
DA:13,1
DA:14,1
DA:15,1
LF:5
LH:5
end_of_record
TN:
SF:lib/app/domain/validator.dart
FNF:0
FNH:0
DA:2,3
DA:9,2
DA:10,2
DA:12,1
DA:13,8
DA:15,1
DA:17,1
DA:20,1
DA:21,3
DA:22,1
DA:24,1
DA:30,1
DA:31,3
DA:32,3
DA:33,3
LF:15
LH:15
end_of_record
TN:
SF:lib/app/infrastructure/local_storage.dart
FNF:0
FNH:0
DA:10,1
DA:14,1
DA:16,2
DA:19,2
DA:26,1
DA:27,3
DA:29,1
DA:34,4
LF:8
LH:8
end_of_record
TN:
SF:lib/auth/application/auth/auth_bloc.dart
FNF:0
FNH:0
DA:13,2
DA:14,2
DA:15,2
DA:20,1
DA:21,2
DA:24,2
DA:26,1
DA:30,1
DA:31,3
DA:32,1
LF:10
LH:10
end_of_record
TN:
SF:lib/auth/application/login/login_bloc.dart
FNF:0
FNH:0
DA:18,3
DA:19,2
DA:20,2
DA:21,2
DA:26,1
DA:27,4
DA:29,1
DA:32,6
DA:33,4
DA:35,3
DA:36,2
DA:37,2
DA:40,4
DA:47,1
DA:48,4
DA:49,3
DA:50,1
DA:54,1
DA:55,4
DA:56,2
DA:57,1
LF:21
LH:21
end_of_record
TN:
SF:lib/auth/application/login/login_state.dart
FNF:0
FNH:0
DA:13,1
DA:14,1
DA:15,1
DA:16,1
DA:19,1
LF:5
LH:5
end_of_record
TN:
SF:lib/auth/infrastructure/auth_api.dart
FNF:0
FNH:0
DA:8,1
DA:11,1
DA:13,2
DA:15,2
DA:16,2
DA:17,1
LF:6
LH:6
end_of_record
TN:
SF:lib/auth/infrastructure/auth_repository.dart
FNF:0
FNH:0
DA:13,1
DA:18,1
DA:19,2
DA:22,1
DA:26,3
DA:27,1
DA:28,1
DA:31,1
DA:32,1
DA:33,1
DA:34,2
DA:36,2
DA:38,1
DA:39,2
DA:40,3
DA:41,3
DA:42,1
DA:45,2
DA:51,4
LF:19
LH:19
end_of_record
