TN:
SF:lib/app/domain/email_address.dart
FNF:0
FNH:0
DA:4,2
DA:7,1
DA:8,4
DA:10,1
DA:12,1
LF:5
LH:5
end_of_record
TN:
SF:lib/app/domain/is_required.dart
FNF:0
FNH:0
DA:4,2
DA:6,1
DA:7,2
DA:9,1
DA:11,1
LF:5
LH:5
end_of_record
TN:
SF:lib/app/domain/password.dart
FNF:0
FNH:0
DA:4,2
DA:6,4
DA:7,4
DA:8,4
DA:9,4
DA:11,1
DA:13,2
DA:14,1
DA:15,1
DA:20,1
DA:22,1
LF:11
LH:11
end_of_record
TN:
SF:lib/app/domain/quote_user.dart
FNF:0
FNH:0
DA:10,2
LF:1
LH:1
end_of_record
TN:
SF:lib/app/domain/quote_user.g.dart
FNF:0
FNH:0
DA:9,2
DA:10,1
DA:13,1
DA:14,1
DA:15,1
LF:5
LH:5
end_of_record
TN:
SF:lib/app/domain/validator.dart
FNF:0
FNH:0
DA:2,1
DA:9,1
DA:10,1
LF:3
LH:3
end_of_record
TN:
SF:lib/app/infrastructure/local_storage.dart
FNF:0
FNH:0
DA:10,1
DA:14,1
DA:16,2
DA:19,2
DA:26,1
DA:27,3
DA:29,1
DA:34,4
LF:8
LH:8
end_of_record
